/*C5*/SET SCHEMA PUBLIC
SET SCHEMA PUBLIC
SET SCHEMA PUBLIC
CREATE TABLE PRODUCTS (ID INTEGER NOT NULL IDENTITY, NAME VARCHAR(255), STOCK INTEGER, PRICE DECIMAL(100,2), ACTIVE BIT, DATE_ADDED DATE)
ALTER TABLE PRODUCTS ALTER COLUMN ID RESTART WITH 1
INSERT INTO PRODUCTS VALUES(1,'Milk',333,1.72,'1','2023-01-01')
COMMIT
INSERT INTO PRODUCTS VALUES(2,'Norwegian salmon',45,10.89,'1','2023-01-01')
COMMIT
INSERT INTO PRODUCTS VALUES(3,'Pork ribs',70,5.75,'1','2023-02-01')
COMMIT
INSERT INTO PRODUCTS VALUES(4,'Gazpacho',0,1.77,'0','2023-01-01')
COMMIT
INSERT INTO PRODUCTS VALUES(5,'Cured cheese',15,5.45,'1','2023-02-01')
COMMIT
INSERT INTO PRODUCTS VALUES(6,'Oranges',425,1.89,'1','2023-01-01')
COMMIT
ALTER TABLE PRODUCTS ALTER COLUMN ID RESTART WITH 1
CREATE TABLE CONTACTS (ID INTEGER NOT NULL IDENTITY, FIRST_NAME VARCHAR(255), MIDDLE_NAME VARCHAR(255), LAST_NAME VARCHAR(255), TEL NUMERIC , EMAIL VARCHAR(255))
/*C3*/SET SCHEMA PUBLIC
DROP TABLE PUBLIC.PUBLIC.CONTACTS
/*C5*/CREATE TABLE CONTACTS (ID INTEGER NOT NULL IDENTITY, name VARCHAR(255), surname VARCHAR(255), LASTNAME VARCHAR(255), TEL NUMERIC , EMAIL VARCHAR(255))
DISCONNECT
/*C3*/DISCONNECT
/*C4*/SET SCHEMA PUBLIC
DISCONNECT
